#
# Call Trace Generated By Pin
#
Return: 0x7fa4bb92dcc8
Return: 0x7fa4bb931e1a
Return Adress: 0x7fa4bb931e1a
Return: 0x7fa4bb931e7a
Return: 0x7fa4bb946305
Return Adress: 0x7fa4bb946305
Return: 0x7fa4bb946421
Return Adress: 0x7fa4bb946421
Return: 0x7fa4bb94642f
Return Adress: 0x7fa4bb94642f
Return: 0x7fa4bb946462
Return: 0x7fa4bb92ea70
Return Adress: 0x7fa4bb92ea70
Return: 0x7fa4bb92fb3c
Return Adress: 0x7fa4bb92fb3c
Return: 0x7fa4bb92ea70
Return Adress: 0x7fa4bb92ea70
Return: 0x7fa4bb92ee1b
Return: 0x7fa4bb9389ee
Return Adress: 0x7fa4bb9389ee
Return: 0x7fa4bb938a26
Return Adress: 0x7fa4bb938a26
Return: 0x7fa4bb938a60
Return Adress: 0x7fa4bb938a60
Return Adress: 0x7fa4bb92ee1b
Return: 0x7fa4bb92ee54
Return: 0x7fa4bb938947
Return Adress: 0x7fa4bb938947
Return Adress: 0x7fa4bb92ee54
Return: 0x7fa4bb92eff8
Return Adress: 0x7fa4bb92eff8
Return: 0x7fa4bb92f21a
Return Adress: 0x7fa4bb92f21a
Return: 0x7fa4bb92f251
Return: 0x7fa4bb9389ee
Return Adress: 0x7fa4bb9389ee
Return: 0x7fa4bb938a26
Return Adress: 0x7fa4bb938a26
Return: 0x7fa4bb938a60
Return Adress: 0x7fa4bb938a60
Return Adress: 0x7fa4bb92f251
Return: 0x7fa4bb92f64a
Return Adress: 0x7fa4bb92f64a
Return: 0x7fa4bb92f698
Return Adress: 0x7fa4bb92f698
Return: 0x7fa4bb92f6a4
Return Adress: 0x7fa4bb92f6a4
Return: 0x7fa4bb92f6c0
Return Adress: 0x7fa4bb92f6c0
Return: 0x7fa4bb92f6de
Return: 0x7fa4bb938947
Return Adress: 0x7fa4bb938947
Return Adress: 0x7fa4bb92f6de
Return: 0x7fa4bb92f720
Return: 0x7fa4bb946a5f
Return Adress: 0x7fa4bb946a5f
Return Adress: 0x7fa4bb92f720
Return: 0x7fa4bb9302f8
Return: 0x7fa4bb935325
Return: 0x7fa4bb93c2bc
Return Adress: 0x7fa4bb93c2bc
Return: 0x7fa4bb93c42f
Return Adress: 0x7fa4bb93c42f
Return: 0x7fa4bb93c74e
Return Adress: 0x7fa4bb93c74e
Return: 0x7fa4bb93c762
Return Adress: 0x7fa4bb93c762
Return: 0x7fa4bb93c771
Return Adress: 0x7fa4bb93c771
Return: 0x7fa4bb93c785
Return Adress: 0x7fa4bb93c785
Return Adress: 0x7fa4bb935325
Return: 0x7fa4bb935336
Return Adress: 0x7fa4bb935336
Return: 0x7fa4bb935383
Return: 0x7fa4bb946cae
Return Adress: 0x7fa4bb946cae
Return Adress: 0x7fa4bb935383
Return: 0x7fa4bb935411
Return Adress: 0x7fa4bb935411
Return: 0x7fa4bb935411
Return Adress: 0x7fa4bb935411
Return: 0x7fa4bb935411
Return Adress: 0x7fa4bb935411
Return: 0x7fa4bb935411
Return Adress: 0x7fa4bb935411
Return: 0x7fa4bb935538
Return Adress: 0x7fa4bb935538
Return: 0x7fa4bb935549
Return Adress: 0x7fa4bb935549
Return: 0x7fa4bb935569
Return Adress: 0x7fa4bb935569
Return: 0x7fa4bb9355a2
Return Adress: 0x7fa4bb9355a2
Return: 0x7fa4bb9355da
Return: 0x7fa4bb934b9f
Return Adress: 0x7fa4bb934b9f
Return: 0x7fa4bb934bbd
Return Adress: 0x7fa4bb934bbd
Return: 0x7fa4bb934bce
Return: 0x7fa4bb949d7e
Return Adress: 0x7fa4bb949d7e
Return: 0x7fa4bb949d8a
Return Adress: 0x7fa4bb949d8a
Return Adress: 0x7fa4bb934bce
Return: 0x7fa4bb934bd9
Return Adress: 0x7fa4bb934bd9
Return: 0x7fa4bb934cda
Return Adress: 0x7fa4bb934cda
Return: 0x7fa4bb934cfe
Return Adress: 0x7fa4bb934cfe
Return: 0x7fa4bb934c5f
Return Adress: 0x7fa4bb934c5f
Return: 0x7fa4bb934c6d
Return Adress: 0x7fa4bb934c6d
Return Adress: 0x7fa4bb9355da
Return Adress: 0x7fa4bb9302f8
Return: 0x7fa4bb930306
Return Adress: 0x7fa4bb930306
Return: 0x7fa4bb930438
Return Adress: 0x7fa4bb930438
Return: 0x7fa4bb93046c
Return Adress: 0x7fa4bb93046c
Return: 0x7fa4bb9304b0
Return Adress: 0x7fa4bb9304b0
Return: 0x7fa4bb9304fa
Return: 0x7fa4bb93afdd
Return Adress: 0x7fa4bb93afdd
Return: 0x7fa4bb93b012
Return: 0x7fa4bb93d360
Return Adress: 0x7fa4bb93d360
Return: 0x7fa4bb93d381
Return Adress: 0x7fa4bb93d381
Return: 0x7fa4bb93d394
Return: 0x7fa4bb93a9d2
Return: 0x7fa4bb93589d
Return: 0x7fa4bb93e7c5
Return Adress: 0x7fa4bb93e7c5
Return: 0x7fa4bb93e7f4
Return Adress: 0x7fa4bb93e7f4
Return Adress: 0x7fa4bb93589d
Return: 0x7fa4bb93589d
Return: 0x7fa4bb93e7c5
Return Adress: 0x7fa4bb93e7c5
Return: 0x7fa4bb93e7f4
Return Adress: 0x7fa4bb93e7f4
Return: 0x7fa4bb93e7f4
Return Adress: 0x7fa4bb93e7f4
Return Adress: 0x7fa4bb93589d
Return: 0x7fa4bb9358cf
Return Adress: 0x7fa4bb9358cf
Return: 0x7fa4bb93589d
Return: 0x7fa4bb93e7c5
Return Adress: 0x7fa4bb93e7c5
Return: 0x7fa4bb93e7f4
Return Adress: 0x7fa4bb93e7f4
Return Adress: 0x7fa4bb93589d
Return: 0x7fa4bb9358cf
Return Adress: 0x7fa4bb9358cf
Return: 0x7fa4bb9359a4
Return Adress: 0x7fa4bb9359a4
Return: 0x7fa4bb935b67
Return Adress: 0x7fa4bb935b67
Return: 0x7fa4bb935be1
Return: 0x7fa4bb932be0
Return Adress: 0x7fa4bb932be0
Return: 0x7fa4bb932c8a
Return Adress: 0x7fa4bb932c8a
Return: 0x7fa4bb932ca0
Return Adress: 0x7fa4bb932ca0
Return: 0x7fa4bb932cda
Return: 0x7fa4bb932597
Return Adress: 0x7fa4bb932597
Return Adress: 0x7fa4bb932cda
Return: 0x7fa4bb932e13
Return Adress: 0x7fa4bb932e13
Return: 0x7fa4bb932c8a
Return Adress: 0x7fa4bb932c8a
Return: 0x7fa4bb932ca0
Return Adress: 0x7fa4bb932ca0
Return: 0x7fa4bb932cda
Return: 0x7fa4bb932597
Return Adress: 0x7fa4bb932597
Return Adress: 0x7fa4bb932cda
Return: 0x7fa4bb932e13
Return Adress: 0x7fa4bb932e13
Return: 0x7fa4bb932c8a
Return Adress: 0x7fa4bb932c8a
Return: 0x7fa4bb932ca0
Return Adress: 0x7fa4bb932ca0
Return: 0x7fa4bb932cda
Return: 0x7fa4bb932597
Return Adress: 0x7fa4bb932597
Return Adress: 0x7fa4bb932cda
Return: 0x7fa4bb932e13
Return Adress: 0x7fa4bb932e13
Return: 0x7fa4bb932c8a
Return Adress: 0x7fa4bb932c8a
Return: 0x7fa4bb932ca0
Return Adress: 0x7fa4bb932ca0
Return: 0x7fa4bb932cda
Return: 0x7fa4bb932597
Return Adress: 0x7fa4bb932597
Return Adress: 0x7fa4bb932cda
Return: 0x7fa4bb932e13
Return Adress: 0x7fa4bb932e13
Return Adress: 0x7fa4bb935be1
Return: 0x7fa4bb935f99
Return: 0x7fa4bb945338
Return: 0x7fa4bb93e546
Return Adress: 0x7fa4bb93e546
Return: 0x7fa4bb93e55b
Return Adress: 0x7fa4bb93e55b
Return: 0x7fa4bb93e5a5
Return Adress: 0x7fa4bb93e5a5
Return: 0x7fa4bb93e57b
Return Adress: 0x7fa4bb93e57b
Return Adress: 0x7fa4bb945338
Return: 0x7fa4bb94536a
Return Adress: 0x7fa4bb94536a
Return: 0x7fa4bb9453b6
Return Adress: 0x7fa4bb9453b6
Return: 0x7fa4bb945122
Return Adress: 0x7fa4bb945122
Return: 0x7fa4bb94519d
Return Adress: 0x7fa4bb94519d
Return: 0x7fa4bb94519d
Return Adress: 0x7fa4bb94519d
Return: 0x7fa4bb94519d
Return Adress: 0x7fa4bb94519d
Return: 0x7fa4bb94519d
Return Adress: 0x7fa4bb94519d
Return: 0x7fa4bb94519d
Return Adress: 0x7fa4bb94519d
Return: 0x7fa4bb94519d
Return Adress: 0x7fa4bb94519d
Return: 0x7fa4bb94519d
Return Adress: 0x7fa4bb94519d
Return: 0x7fa4bb94519d
Return Adress: 0x7fa4bb94519d
Return: 0x7fa4bb94519d
Return Adress: 0x7fa4bb94519d
Return: 0x7fa4bb945237
Return Adress: 0x7fa4bb945237
Return: 0x7fa4bb945237
Return Adress: 0x7fa4bb945237
Return: 0x7fa4bb945237
Return Adress: 0x7fa4bb945237
Return: 0x7fa4bb9455e4
Return Adress: 0x7fa4bb9455e4
Return: 0x7fa4bb945607
Return Adress: 0x7fa4bb945607
Return: 0x7fa4bb94560f
Return: 0x7fa4bb949d7e
Return Adress: 0x7fa4bb949d7e
Return: 0x7fa4bb949d8a
Return Adress: 0x7fa4bb949d8a
Return Adress: 0x7fa4bb94560f
Return Adress: 0x7fa4bb935f99
Return: 0x7fa4bb935fe6
Return: 0x7fa4bb932597
Return Adress: 0x7fa4bb932597
Return: 0x7fa4bb9325db
Return Adress: 0x7fa4bb9325db
Return: 0x7fa4bb932612
Return Adress: 0x7fa4bb932612
Return: 0x7fa4bb9329bd
Return Adress: 0x7fa4bb9329bd
Return: 0x7fa4bb93263b
Return Adress: 0x7fa4bb93263b
Return: 0x7fa4bb932764
Return Adress: 0x7fa4bb932764
Return: 0x7fa4bb932764
Return Adress: 0x7fa4bb932764
Return Adress: 0x7fa4bb935fe6
Return: 0x7fa4bb935a57
Return: 0x7fa4bb9331a7
Return Adress: 0x7fa4bb9331a7
Return: 0x7fa4bb9331c2
Return Adress: 0x7fa4bb9331c2
Return: 0x7fa4bb93333d
Return: 0x7fa4bb9389ee
Return Adress: 0x7fa4bb9389ee
Return: 0x7fa4bb938a26
Return Adress: 0x7fa4bb938a26
Return: 0x7fa4bb938a60
Return Adress: 0x7fa4bb938a60
Return: 0x7fa4bb938b8e
Return Adress: 0x7fa4bb938b8e
Return: 0x7fa4bb938d24
Return Adress: 0x7fa4bb938d24
Return: 0x7fa4bb938cc8
Return Adress: 0x7fa4bb938cc8
Return Adress: 0x7fa4bb93333d
Return: 0x7fa4bb93361f
Return Adress: 0x7fa4bb93361f
Return: 0x7fa4bb9336fd
Return Adress: 0x7fa4bb9336fd
Return: 0x7fa4bb934091
Return Adress: 0x7fa4bb934091
Return: 0x7fa4bb933811
Return Adress: 0x7fa4bb933811
Return: 0x7fa4bb933f98
Return Adress: 0x7fa4bb933f98
Return: 0x7fa4bb934165
Return Adress: 0x7fa4bb934165
Return: 0x7fa4bb933c58
Return Adress: 0x7fa4bb933c58
Return: 0x7fa4bb933c99
Return Adress: 0x7fa4bb933c99
Return: 0x7fa4bb933d58
Return: 0x7fa4bb938947
Return Adress: 0x7fa4bb938947
Return Adress: 0x7fa4bb933d58
Return Adress: 0x7fa4bb935a57
Return Adress: 0x7fa4bb93a9d2
Return Adress: 0x7fa4bb93d394
Return Adress: 0x7fa4bb93b012
Return: 0x7fa4bb93afdd
Return Adress: 0x7fa4bb93afdd
Return: 0x7fa4bb93b012
Return: 0x7fa4bb93d360
Return Adress: 0x7fa4bb93d360
Return: 0x7fa4bb93d381
Return Adress: 0x7fa4bb93d381
Return: 0x7fa4bb93d394
Return: 0x7fa4bb93a9d2
Return: 0x7fa4bb93589d
Return: 0x7fa4bb93e7c5
Return Adress: 0x7fa4bb93e7c5
Return: 0x7fa4bb93e7f4
Return Adress: 0x7fa4bb93e7f4
Return Adress: 0x7fa4bb93589d
Return: 0x7fa4bb93589d
Return: 0x7fa4bb93e7c5
Return Adress: 0x7fa4bb93e7c5
Return: 0x7fa4bb93e7f4
Return Adress: 0x7fa4bb93e7f4
Return: 0x7fa4bb93e7f4
Return Adress: 0x7fa4bb93e7f4
Return Adress: 0x7fa4bb93589d
Return Adress: 0x7fa4bb93a9d2
Return Adress: 0x7fa4bb93d394
Return Adress: 0x7fa4bb93b012
Return: 0x7fa4bb93b1fb
Return Adress: 0x7fa4bb93b1fb
Return: 0x7fa4bb93b221
Return Adress: 0x7fa4bb93b221
Return: 0x7fa4bb93b234
Return Adress: 0x7fa4bb93b234
Return: 0x7fa4bb93b567
Return Adress: 0x7fa4bb93b567
Return: 0x7fa4bb93be14
Return Adress: 0x7fa4bb93be14
Return: 0x7fa4bb93b7a8
Return Adress: 0x7fa4bb93b7a8
Return: 0x7fa4bb93b8c8
Return Adress: 0x7fa4bb93b8c8
Return Adress: 0x7fa4bb9304fa
Return: 0x7fa4bb930aa7
Return: 0x7fa4bb93d40d
Return Adress: 0x7fa4bb93d40d
Return: 0x7fa4bb93d42e
Return: 0x7fa4bb92e978
Return: 0x7fa4bb93f144
Return: 0x7fa4bb93ed10
Return: 0x7fa4bb93e7c5
Return Adress: 0x7fa4bb93e7c5
Return: 0x7fa4bb93e7f4
Return Adress: 0x7fa4bb93e7f4
Return Adress: 0x7fa4bb93ed10
Return: 0x7fa4bb93ed10
Return: 0x7fa4bb93e7c5
Return Adress: 0x7fa4bb93e7c5
Return: 0x7fa4bb93e7f4
Return Adress: 0x7fa4bb93e7f4
Return Adress: 0x7fa4bb93ed10
Return: 0x7fa4bb93ed10
Return: 0x7fa4bb93e7c5
Return Adress: 0x7fa4bb93e7c5
Return: 0x7fa4bb93e7f4
Return Adress: 0x7fa4bb93e7f4
Return Adress: 0x7fa4bb93ed10
Return: 0x7fa4bb93ed90
Return: 0x7fa4bb93ea01
Return Adress: 0x7fa4bb93ea01
Return Adress: 0x7fa4bb93ed90
Return: 0x7fa4bb93eeee
Return Adress: 0x7fa4bb93eeee
Return Adress: 0x7fa4bb93f144
Return: 0x7fa4bb93f144
Return: 0x7fa4bb93eeee
Return Adress: 0x7fa4bb93eeee
Return Adress: 0x7fa4bb93f144
Return: 0x7fa4bb93f144
Return: 0x7fa4bb93ed10
Return: 0x7fa4bb93e7c5
Return Adress: 0x7fa4bb93e7c5
Return: 0x7fa4bb93e7f4
Return Adress: 0x7fa4bb93e7f4
Return Adress: 0x7fa4bb93ed10
Return: 0x7fa4bb93ed10
Return: 0x7fa4bb93e7c5
Return Adress: 0x7fa4bb93e7c5
Return: 0x7fa4bb93e7f4
Return Adress: 0x7fa4bb93e7f4
Return Adress: 0x7fa4bb93ed10
Return: 0x7fa4bb93ed10
Return: 0x7fa4bb93e7c5
Return Adress: 0x7fa4bb93e7c5
Return: 0x7fa4bb93e7f4
Return Adress: 0x7fa4bb93e7f4
Return Adress: 0x7fa4bb93ed10
Return: 0x7fa4bb93ed10
Return: 0x7fa4bb93e7c5
Return Adress: 0x7fa4bb93e7c5
Return: 0x7fa4bb93e7f4
Return Adress: 0x7fa4bb93e7f4
Return: 0x7fa4bb93e7f4
Return Adress: 0x7fa4bb93e7f4
Return Adress: 0x7fa4bb93ed10
Return: 0x7fa4bb93ed90
Return: 0x7fa4bb93ea01
Return Adress: 0x7fa4bb93ea01
Return Adress: 0x7fa4bb93ed90
Return: 0x7fa4bb93ed90
Return: 0x7fa4bb93ea01
Return Adress: 0x7fa4bb93ea01
Return Adress: 0x7fa4bb93ed90
Return: 0x7fa4bb93eeee
Return Adress: 0x7fa4bb93eeee
Return Adress: 0x7fa4bb93f144
Return: 0x7fa4bb93f144
Return: 0x7fa4bb93eeee
Return Adress: 0x7fa4bb93eeee
Return Adress: 0x7fa4bb93f144
Return Adress: 0x7fa4bb92e978
Return Adress: 0x7fa4bb93d42e
Return Adress: 0x7fa4bb930aa7
Return: 0x7fa4bb930ac3
Return: 0x7fa4bb92db7b
Return: 0x7fa4bb946cae
Return Adress: 0x7fa4bb946cae
Return Adress: 0x7fa4bb92db7b
Return: 0x7fa4bb92dc15
Return Adress: 0x7fa4bb92dc15
Return: 0x7fa4bb92dc1a
Return: 0x7fa4bb9403aa
Return: 0x7fa4bb946cae
Return Adress: 0x7fa4bb946cae
Return Adress: 0x7fa4bb9403aa
Return: 0x7fa4bb940401
Return: 0x7fa4bb946cae
Return Adress: 0x7fa4bb946cae
Return Adress: 0x7fa4bb940401
Return Adress: 0x7fa4bb92dc1a
Return Adress: 0x7fa4bb930ac3
Return: 0x7fa4bb930f5b
Return: 0x7fa4bb9395ad
Return: 0x7fa4bb93794f
Return: 0x7fa4bb93747b
Return: 0x7fa4bb936c44
Return Adress: 0x7fa4bb936c44
Return Adress: 0x7fa4bb93747b
Return Adress: 0x7fa4bb93794f
Return Adress: 0x7fa4bb9395ad
Return: 0x7fa4bb9395ad
Return: 0x7fa4bb93794f
Return: 0x7fa4bb93747b
Return: 0x7fa4bb936c44
Return Adress: 0x7fa4bb936c44
Return Adress: 0x7fa4bb93747b
Return Adress: 0x7fa4bb93794f
Return Adress: 0x7fa4bb9395ad
Return: 0x7fa4bb9395ad
Return: 0x7fa4bb93794f
Return: 0x7fa4bb93747b
Return: 0x7fa4bb936c44
Return Adress: 0x7fa4bb936c44
Return Adress: 0x7fa4bb93747b
Return Adress: 0x7fa4bb93794f
Return Adress: 0x7fa4bb9395ad
Return: 0x7fa4bb9395ad
Return: 0x7fa4bb93794f
Return: 0x7fa4bb93747b
Return: 0x7fa4bb936c44
Return Adress: 0x7fa4bb936c44
Return Adress: 0x7fa4bb93747b
Return Adress: 0x7fa4bb93794f
Return Adress: 0x7fa4bb9395ad
Return: 0x7fa4bb9395ad
Return: 0x7fa4bb93794f
Return: 0x7fa4bb93747b
Return: 0x7fa4bb936c44
Return Adress: 0x7fa4bb936c44
Return Adress: 0x7fa4bb93747b
Return Adress: 0x7fa4bb93794f
Return Adress: 0x7fa4bb9395ad
Return: 0x7fa4bb9395ad
Return: 0x7fa4bb93794f
Return: 0x7fa4bb93747b
Return: 0x7fa4bb936c44
Return Adress: 0x7fa4bb936c44
Return Adress: 0x7fa4bb93747b
Return Adress: 0x7fa4bb93794f
Return Adress: 0x7fa4bb9395ad
Return: 0x7fa4bb9395ad
Return: 0x7fa4bb93794f
Return: 0x7fa4bb93747b
Return: 0x7fa4bb936c44
Return Adress: 0x7fa4bb936c44
Return Adress: 0x7fa4bb93747b
Return Adress: 0x7fa4bb93794f
Return Adress: 0x7fa4bb9395ad
Return: 0x7fa4bb9395ad
Return: 0x7fa4bb93794f
Return: 0x7fa4bb93747b
Return: 0x7fa4bb936c44
Return Adress: 0x7fa4bb936c44
Return Adress: 0x7fa4bb93747b
Return Adress: 0x7fa4bb93794f
Return Adress: 0x7fa4bb9395ad
Return: 0x7fa4bb9395ad
Return: 0x7fa4bb93794f
Return: 0x7fa4bb93747b
Return: 0x7fa4bb936c44
Return Adress: 0x7fa4bb936c44
Return Adress: 0x7fa4bb93747b
Return Adress: 0x7fa4bb93794f
Return Adress: 0x7fa4bb9395ad
Return: 0x7fa4bb9395ad
Return: 0x7fa4bb93794f
Return: 0x7fa4bb936e11
Return: 0x7fa4bb93e7c5
Return Adress: 0x7fa4bb93e7c5
Return: 0x7fa4bb93e7f4
Return Adress: 0x7fa4bb93e7f4
Return Adress: 0x7fa4bb936e11
Return: 0x7fa4bb936e11
Return: 0x7fa4bb93e7c5
Return Adress: 0x7fa4bb93e7c5
Return: 0x7fa4bb93e7f4
Return Adress: 0x7fa4bb93e7f4
Return Adress: 0x7fa4bb936e11
Return: 0x7fa4bb93747b
Return: 0x7fa4bb936b70
Return Adress: 0x7fa4bb936b70
Return: 0x7fa4bb936c44
Return Adress: 0x7fa4bb936c44
Return Adress: 0x7fa4bb93747b
Return Adress: 0x7fa4bb93794f
Return Adress: 0x7fa4bb9395ad
Return: 0x7fa4bb9395ad
Return: 0x7fa4bb93794f
Return: 0x7fa4bb93747b
Return: 0x7fa4bb936c44
Return Adress: 0x7fa4bb936c44
Return Adress: 0x7fa4bb93747b
Return Adress: 0x7fa4bb93794f
Return Adress: 0x7fa4bb9395ad
Return: 0x7fa4bb9395ad
Return: 0x7fa4bb93794f
Return: 0x7fa4bb93747b
Return: 0x7fa4bb936c44
Return Adress: 0x7fa4bb936c44
Return Adress: 0x7fa4bb93747b
Return Adress: 0x7fa4bb93794f
Return Adress: 0x7fa4bb9395ad
Return: 0x7fa4bb9395ad
Return: 0x7fa4bb93794f
Return: 0x7fa4bb93747b
Return: 0x7fa4bb936c44
Return Adress: 0x7fa4bb936c44
Return Adress: 0x7fa4bb93747b
Return Adress: 0x7fa4bb93794f
Return Adress: 0x7fa4bb9395ad
Return: 0x7fa4bb9395ad
Return: 0x7fa4bb93794f
Return: 0x7fa4bb93747b
Return: 0x7fa4bb936c44
Return Adress: 0x7fa4bb936c44
Return Adress: 0x7fa4bb93747b
Return Adress: 0x7fa4bb93794f
Return Adress: 0x7fa4bb9395ad
Return: 0x7fa4bb9395ad
Return: 0x7fa4bb93794f
Return: 0x7fa4bb93747b
Return: 0x7fa4bb936c44
Return Adress: 0x7fa4bb936c44
Return Adress: 0x7fa4bb93747b
Return Adress: 0x7fa4bb93794f
Return Adress: 0x7fa4bb9395ad
Return: 0x7fa4bb9395ad
Return: 0x7fa4bb93794f
Return: 0x7fa4bb936e11
Return: 0x7fa4bb93e7c5
Return Adress: 0x7fa4bb93e7c5
Return: 0x7fa4bb93e7f4
Return Adress: 0x7fa4bb93e7f4
Return Adress: 0x7fa4bb936e11
Return: 0x7fa4bb936e11
Return: 0x7fa4bb93e7c5
Return Adress: 0x7fa4bb93e7c5
Return: 0x7fa4bb93e7f4
Return Adress: 0x7fa4bb93e7f4
Return Adress: 0x7fa4bb936e11
Return: 0x7fa4bb93747b
Return: 0x7fa4bb936b70
Return Adress: 0x7fa4bb936b70
Return: 0x7fa4bb936c44
Return Adress: 0x7fa4bb936c44
Return Adress: 0x7fa4bb93747b
Return Adress: 0x7fa4bb93794f
Return Adress: 0x7fa4bb9395ad
Return: 0x7fa4bb9395ad
Return: 0x7fa4bb93794f
Return: 0x7fa4bb93747b
Return: 0x7fa4bb936c44
Return Adress: 0x7fa4bb936c44
Return Adress: 0x7fa4bb93747b
Return Adress: 0x7fa4bb93794f
Return Adress: 0x7fa4bb9395ad
Return: 0x7fa4bb9395ad
Return: 0x7fa4bb93794f
Return: 0x7fa4bb93747b
Return: 0x7fa4bb936c44
Return Adress: 0x7fa4bb936c44
Return Adress: 0x7fa4bb93747b
Return Adress: 0x7fa4bb93794f
Return Adress: 0x7fa4bb9395ad
Return: 0x7fa4bb9395ad
Return: 0x7fa4bb93794f
Return: 0x7fa4bb93747b
Return: 0x7fa4bb936c44
Return Adress: 0x7fa4bb936c44
Return Adress: 0x7fa4bb93747b
Return Adress: 0x7fa4bb93794f
Return Adress: 0x7fa4bb9395ad
Return: 0x7fa4bb9395ad
Return: 0x7fa4bb93794f
Return: 0x7fa4bb93747b
Return: 0x7fa4bb936c44
Return Adress: 0x7fa4bb936c44
Return Adress: 0x7fa4bb93747b
Return Adress: 0x7fa4bb93794f
Return Adress: 0x7fa4bb9395ad
Return: 0x7fa4bb9395ad
Return: 0x7fa4bb93794f
Return: 0x7fa4bb93747b
Return: 0x7fa4bb936c44
Return Adress: 0x7fa4bb936c44
Return Adress: 0x7fa4bb93747b
Return Adress: 0x7fa4bb93794f
Return Adress: 0x7fa4bb9395ad
Return: 0x7fa4bb9395ad
Return: 0x7fa4bb93794f
Return: 0x7fa4bb936e11
Return: 0x7fa4bb93e7c5
Return Adress: 0x7fa4bb93e7c5
Return: 0x7fa4bb93e7f4
Return Adress: 0x7fa4bb93e7f4
Return Adress: 0x7fa4bb936e11
Return: 0x7fa4bb936e11
Return: 0x7fa4bb93e7c5
Return Adress: 0x7fa4bb93e7c5
Return: 0x7fa4bb93e7f4
Return Adress: 0x7fa4bb93e7f4
Return Adress: 0x7fa4bb936e11
Return: 0x7fa4bb93747b
Return: 0x7fa4bb936b70
Return Adress: 0x7fa4bb936b70
Return: 0x7fa4bb936c44
Return Adress: 0x7fa4bb936c44
Return Adress: 0x7fa4bb93747b
Return Adress: 0x7fa4bb93794f
Return Adress: 0x7fa4bb9395ad
Return: 0x7fa4bb9395ad
Return: 0x7fa4bb93794f
Return: 0x7fa4bb93747b
Return: 0x7fa4bb936c44
Return Adress: 0x7fa4bb936c44
Return Adress: 0x7fa4bb93747b
Return Adress: 0x7fa4bb93794f
Return Adress: 0x7fa4bb9395ad
Return: 0x7fa4bb9395ad
Return: 0x7fa4bb93794f
Return: 0x7fa4bb93747b
Return: 0x7fa4bb936c44
Return Adress: 0x7fa4bb936c44
Return Adress: 0x7fa4bb93747b
Return Adress: 0x7fa4bb93794f
Return Adress: 0x7fa4bb9395ad
Return: 0x7fa4bb9395ad
Return: 0x7fa4bb93794f
Return: 0x7fa4bb93747b
Return: 0x7fa4bb936c44
Return Adress: 0x7fa4bb936c44
Return Adress: 0x7fa4bb93747b
Return Adress: 0x7fa4bb93794f
Return Adress: 0x7fa4bb9395ad
Return: 0x7fa4bb9395ad
Return: 0x7fa4bb93794f
Return: 0x7fa4bb93747b
Return: 0x7fa4bb936c44
Return Adress: 0x7fa4bb936c44
Return Adress: 0x7fa4bb93747b
Return Adress: 0x7fa4bb93794f
Return Adress: 0x7fa4bb9395ad
Return: 0x7fa4bb9395ad
Return: 0x7fa4bb93794f
Return: 0x7fa4bb93747b
Return: 0x7fa4bb936c44
Return Adress: 0x7fa4bb936c44
Return Adress: 0x7fa4bb93747b
Return Adress: 0x7fa4bb93794f
Return Adress: 0x7fa4bb9395ad
Return: 0x7fa4bb9395ad
Return: 0x7fa4bb93794f
Return: 0x7fa4bb93747b
Return: 0x7fa4bb936c44
Return Adress: 0x7fa4bb936c44
Return Adress: 0x7fa4bb93747b
Return Adress: 0x7fa4bb93794f
Return Adress: 0x7fa4bb9395ad
Return: 0x7fa4bb9395ad
Return: 0x7fa4bb93794f
Return: 0x7fa4bb93747b
Return: 0x7fa4bb936c44
Return Adress: 0x7fa4bb936c44
Return Adress: 0x7fa4bb93747b
Return Adress: 0x7fa4bb93794f
Return Adress: 0x7fa4bb9395ad
Return: 0x7fa4bb9395ad
Return: 0x7fa4bb93794f
Return: 0x7fa4bb93747b
Return: 0x7fa4bb936c44
Return Adress: 0x7fa4bb936c44
Return Adress: 0x7fa4bb93747b
Return Adress: 0x7fa4bb93794f
Return Adress: 0x7fa4bb9395ad
Return: 0x7fa4bb9395ad
Return: 0x7fa4bb93794f
Return: 0x7fa4bb93747b
Return: 0x7fa4bb936c44
Return Adress: 0x7fa4bb936c44
Return Adress: 0x7fa4bb93747b
Return Adress: 0x7fa4bb93794f
Return Adress: 0x7fa4bb9395ad
Return: 0x7fa4bb9395ad
Return: 0x7fa4bb93794f
Return: 0x7fa4bb93747b
Return: 0x7fa4bb936c44
Return Adress: 0x7fa4bb936c44
Return Adress: 0x7fa4bb93747b
Return Adress: 0x7fa4bb93794f
Return Adress: 0x7fa4bb9395ad
Return: 0x7fa4bb9395ad
Return: 0x7fa4bb93794f
Return: 0x7fa4bb93747b
Return: 0x7fa4bb936c44
Return Adress: 0x7fa4bb936c44
Return Adress: 0x7fa4bb93747b
Return Adress: 0x7fa4bb93794f
Return Adress: 0x7fa4bb9395ad
Return: 0x7fa4bb9395ad
Return: 0x7fa4bb93794f
Return: 0x7fa4bb93747b
Return: 0x7fa4bb936c44
Return Adress: 0x7fa4bb936c44
Return Adress: 0x7fa4bb93747b
Return Adress: 0x7fa4bb93794f
Return Adress: 0x7fa4bb9395ad
Return: 0x7fa4bb9395ad
Return: 0x7fa4bb93794f
Return: 0x7fa4bb93747b
Return: 0x7fa4bb936c44
Return Adress: 0x7fa4bb936c44
Return Adress: 0x7fa4bb93747b
Return Adress: 0x7fa4bb93794f
Return Adress: 0x7fa4bb9395ad
Return: 0x7fa4bb9395ad
Return: 0x7fa4bb93794f
Return: 0x7fa4bb93747b
Return: 0x7fa4bb936c44
Return Adress: 0x7fa4bb936c44
Return Adress: 0x7fa4bb93747b
Return Adress: 0x7fa4bb93794f
Return Adress: 0x7fa4bb9395ad
Return: 0x7fa4bb9395ad
Return: 0x7fa4bb93794f
Return: 0x7fa4bb93747b
Return: 0x7fa4bb936c44
Return Adress: 0x7fa4bb936c44
Return Adress: 0x7fa4bb93747b
Return Adress: 0x7fa4bb93794f
Return Adress: 0x7fa4bb9395ad
Return: 0x7fa4bb9395ad
Return: 0x7fa4bb93794f
Return: 0x7fa4bb93747b
Return: 0x7fa4bb936c44
Return Adress: 0x7fa4bb936c44
Return Adress: 0x7fa4bb93747b
Return Adress: 0x7fa4bb93794f
Return Adress: 0x7fa4bb9395ad
Return: 0x7fa4bb9395ad
Return: 0x7fa4bb93794f
Return: 0x7fa4bb93747b
Return: 0x7fa4bb936c44
Return Adress: 0x7fa4bb936c44
Return Adress: 0x7fa4bb93747b
Return Adress: 0x7fa4bb93794f
Return Adress: 0x7fa4bb9395ad
Return: 0x7fa4bb9395ad
Return: 0x7fa4bb93794f
Return: 0x7fa4bb93747b
Return: 0x7fa4bb936c44
Return Adress: 0x7fa4bb936c44
Return Adress: 0x7fa4bb93747b
Return Adress: 0x7fa4bb93794f
Return Adress: 0x7fa4bb9395ad
Return: 0x7fa4bb9395ad
Return: 0x7fa4bb93794f
Return: 0x7fa4bb93747b
Return: 0x7fa4bb936c44
Return Adress: 0x7fa4bb936c44
Return Adress: 0x7fa4bb93747b
Return Adress: 0x7fa4bb93794f
Return Adress: 0x7fa4bb9395ad
Return: 0x7fa4bb9395ad
Return: 0x7fa4bb93794f
Return: 0x7fa4bb93747b
Return: 0x7fa4bb936c44
Return Adress: 0x7fa4bb936c44
Return Adress: 0x7fa4bb93747b
Return Adress: 0x7fa4bb93794f
Return Adress: 0x7fa4bb9395ad
Return: 0x7fa4bb9395ad
Return: 0x7fa4bb93794f
Return: 0x7fa4bb93747b
Return: 0x7fa4bb936c44
Return Adress: 0x7fa4bb936c44
Return Adress: 0x7fa4bb93747b
Return Adress: 0x7fa4bb93794f
Return Adress: 0x7fa4bb9395ad
Return: 0x7fa4bb9395ad
Return: 0x7fa4bb93794f
Return: 0x7fa4bb93747b
Return: 0x7fa4bb936c44
Return Adress: 0x7fa4bb936c44
Return Adress: 0x7fa4bb93747b
Return Adress: 0x7fa4bb93794f
Return Adress: 0x7fa4bb9395ad
Return: 0x7fa4bb9395ad
Return: 0x7fa4bb93794f
Return: 0x7fa4bb93747b
Return: 0x7fa4bb936c44
Return Adress: 0x7fa4bb936c44
Return Adress: 0x7fa4bb93747b
Return Adress: 0x7fa4bb93794f
Return Adress: 0x7fa4bb9395ad
Return: 0x7fa4bb9395ad
Return: 0x7fa4bb93794f
Return Adress: 0x7fa4bb93794f
Return Adress: 0x7fa4bb9395ad
Return: 0x7fa4bb9395ad
Return: 0x7fa4bb93794f
Return: 0x7fa4bb93747b
Return: 0x7fa4bb936c44
Return Adress: 0x7fa4bb936c44
Return Adress: 0x7fa4bb93747b
Return Adress: 0x7fa4bb93794f
Return Adress: 0x7fa4bb9395ad
Return: 0x7fa4bb9395ad
Return: 0x7fa4bb93794f
Return: 0x7fa4bb93747b
Return: 0x7fa4bb936c44
Return Adress: 0x7fa4bb936c44
Return Adress: 0x7fa4bb93747b
Return Adress: 0x7fa4bb93794f
Return Adress: 0x7fa4bb9395ad
Return: 0x7fa4bb9395ad
Return: 0x7fa4bb93794f
Return: 0x7fa4bb93747b
Return: 0x7fa4bb936c44
Return Adress: 0x7fa4bb936c44
Return Adress: 0x7fa4bb93747b
Return Adress: 0x7fa4bb93794f
Return Adress: 0x7fa4bb9395ad
Return: 0x7fa4bb9395ad
Return: 0x7fa4bb93794f
Return: 0x7fa4bb93747b
Return: 0x7fa4bb936c44
Return Adress: 0x7fa4bb936c44
Return Adress: 0x7fa4bb93747b
Return Adress: 0x7fa4bb93794f
Return Adress: 0x7fa4bb9395ad
Return: 0x7fa4bb9395ad
Return: 0x7fa4bb93794f
Return: 0x7fa4bb93747b
Return: 0x7fa4bb936c44
Return Adress: 0x7fa4bb936c44
Return Adress: 0x7fa4bb93747b
Return Adress: 0x7fa4bb93794f
Return Adress: 0x7fa4bb9395ad
Return: 0x7fa4bb9395ad
Return: 0x7fa4bb93794f
Return: 0x7fa4bb93747b
Return: 0x7fa4bb936c44
Return Adress: 0x7fa4bb936c44
Return Adress: 0x7fa4bb93747b
Return Adress: 0x7fa4bb93794f
Return Adress: 0x7fa4bb9395ad
Return: 0x7fa4bb9395ad
Return: 0x7fa4bb93794f
Return: 0x7fa4bb93747b
Return: 0x7fa4bb936c44
Return Adress: 0x7fa4bb936c44
Return Adress: 0x7fa4bb93747b
Return Adress: 0x7fa4bb93794f
Return Adress: 0x7fa4bb9395ad
Return: 0x7fa4bb9395ad
Return: 0x7fa4bb93794f
Return: 0x7fa4bb93747b
Return: 0x7fa4bb936c44
Return Adress: 0x7fa4bb936c44
Return Adress: 0x7fa4bb93747b
Return Adress: 0x7fa4bb93794f
Return Adress: 0x7fa4bb9395ad
Return: 0x7fa4bb9395ad
Return: 0x7fa4bb93794f
Return: 0x7fa4bb93747b
Return: 0x7fa4bb936c44
Return Adress: 0x7fa4bb936c44
Return Adress: 0x7fa4bb93747b
Return Adress: 0x7fa4bb93794f
Return Adress: 0x7fa4bb9395ad
Return: 0x7fa4bb9395ad
Return: 0x7fa4bb93794f
Return: 0x7fa4bb93747b
Return: 0x7fa4bb936c44
Return Adress: 0x7fa4bb936c44
Return Adress: 0x7fa4bb93747b
Return Adress: 0x7fa4bb93794f
Return Adress: 0x7fa4bb9395ad
Return: 0x7fa4bb9395ad
Return: 0x7fa4bb93794f
Return: 0x7fa4bb93747b
Return: 0x7fa4bb936c44
Return Adress: 0x7fa4bb936c44
Return Adress: 0x7fa4bb93747b
Return Adress: 0x7fa4bb93794f
Return Adress: 0x7fa4bb9395ad
Return: 0x7fa4bb9395ad
Return: 0x7fa4bb93794f
Return: 0x7fa4bb93747b
Return: 0x7fa4bb936c44
Return Adress: 0x7fa4bb936c44
Return Adress: 0x7fa4bb93747b
Return Adress: 0x7fa4bb93794f
Return Adress: 0x7fa4bb9395ad
Return: 0x7fa4bb9395ad
Return: 0x7fa4bb93794f
Return: 0x7fa4bb93747b
Return: 0x7fa4bb936c44
Return Adress: 0x7fa4bb936c44
Return Adress: 0x7fa4bb93747b
Return Adress: 0x7fa4bb93794f
Return Adress: 0x7fa4bb9395ad
Return: 0x7fa4bb9395ad
Return: 0x7fa4bb93794f
Return: 0x7fa4bb93747b
Return: 0x7fa4bb936c44
Return Adress: 0x7fa4bb936c44
Return Adress: 0x7fa4bb93747b
Return Adress: 0x7fa4bb93794f
Return Adress: 0x7fa4bb9395ad
Return: 0x7fa4bb9395ad
Return: 0x7fa4bb93794f
Return: 0x7fa4bb93747b
Return: 0x7fa4bb936c44
Return Adress: 0x7fa4bb936c44
Return Adress: 0x7fa4bb93747b
Return Adress: 0x7fa4bb93794f
Return Adress: 0x7fa4bb9395ad
Return: 0x7fa4bb9395ad
Return: 0x7fa4bb93794f
Return: 0x7fa4bb93747b
Return: 0x7fa4bb936c44
Return Adress: 0x7fa4bb936c44
Return Adress: 0x7fa4bb93747b
Return Adress: 0x7fa4bb93794f
Return Adress: 0x7fa4bb9395ad
Return: 0x7fa4bb9395ad
Return: 0x7fa4bb93794f
Return: 0x7fa4bb93747b
Return: 0x7fa4bb936c44
Return Adress: 0x7fa4bb936c44
Return Adress: 0x7fa4bb93747b
Return Adress: 0x7fa4bb93794f
Return Adress: 0x7fa4bb9395ad
Return: 0x7fa4bb9395ad
Return: 0x7fa4bb93794f
Return: 0x7fa4bb936e11
Return: 0x7fa4bb93e7c5
Return Adress: 0x7fa4bb93e7c5
Return: 0x7fa4bb93e7f4
Return Adress: 0x7fa4bb93e7f4
Return Adress: 0x7fa4bb936e11
Return: 0x7fa4bb936e11
Return: 0x7fa4bb93e7c5
Return Adress: 0x7fa4bb93e7c5
Return: 0x7fa4bb93e7f4
Return Adress: 0x7fa4bb93e7f4
Return Adress: 0x7fa4bb936e11
Return: 0x7fa4bb93747b
Return: 0x7fa4bb936b70
Return Adress: 0x7fa4bb936b70
Return: 0x7fa4bb936c44
Return Adress: 0x7fa4bb936c44
Return Adress: 0x7fa4bb93747b
Return Adress: 0x7fa4bb93794f
Return Adress: 0x7fa4bb9395ad
Return: 0x7fa4bb9395ad
Return: 0x7fa4bb93794f
Return: 0x7fa4bb93747b
Return: 0x7fa4bb936c44
Return Adress: 0x7fa4bb936c44
Return Adress: 0x7fa4bb93747b
Return Adress: 0x7fa4bb93794f
Return Adress: 0x7fa4bb9395ad
Return: 0x7fa4bb9395ad
Return: 0x7fa4bb93794f
Return: 0x7fa4bb93747b
Return: 0x7fa4bb936c44
Return Adress: 0x7fa4bb936c44
Return Adress: 0x7fa4bb93747b
Return Adress: 0x7fa4bb93794f
Return Adress: 0x7fa4bb9395ad
Return: 0x7fa4bb9395ad
Return: 0x7fa4bb93794f
Return: 0x7fa4bb93747b
Return: 0x7fa4bb936c44
Return Adress: 0x7fa4bb936c44
Return Adress: 0x7fa4bb93747b
Return Adress: 0x7fa4bb93794f
Return Adress: 0x7fa4bb9395ad
Return: 0x7fa4bb9395ad
Return: 0x7fa4bb93794f
Return: 0x7fa4bb93747b
Return: 0x7fa4bb936c44
Return Adress: 0x7fa4bb936c44
Return Adress: 0x7fa4bb93747b
Return Adress: 0x7fa4bb93794f
Return Adress: 0x7fa4bb9395ad
Return: 0x7fa4bb939360
Return Adress: 0x7fa4bb939360
Return: 0x7fa4bb939360
Return: 0x7fa4a81a3847
Return: 0x7fa4a822b1f5
Return: 0x7fa4bb93794f
Return: 0x7fa4bb93747b
Return: 0x7fa4bb936b70
Return Adress: 0x7fa4bb936b70
Return: 0x7fa4bb936c44
Return Adress: 0x7fa4bb936c44
Return Adress: 0x7fa4bb93747b
Return Adress: 0x7fa4bb93794f
Return Adress: 0x7fa4a822b1f5
Return Adress: 0x7fa4a81a3847
Return Adress: 0x7fa4bb939360
Return: 0x7fa4bb939360
Return Adress: 0x7fa4bb939360
Return: 0x7fa4bb939360
Return Adress: 0x7fa4bb939360
Return: 0x7fa4bb939360
Return Adress: 0x7fa4bb939360
Return: 0x7fa4bb939360
Return Adress: 0x7fa4bb939360
Return: 0x7fa4bb939360
Return: 0x7fa4a81a3927
Return: 0x7fa4a822b1f5
Return: 0x7fa4bb93794f
Return: 0x7fa4bb93747b
Return: 0x7fa4bb936b70
Return Adress: 0x7fa4bb936b70
Return: 0x7fa4bb936c44
Return Adress: 0x7fa4bb936c44
Return Adress: 0x7fa4bb93747b
Return Adress: 0x7fa4bb93794f
Return Adress: 0x7fa4a822b1f5
Return Adress: 0x7fa4a81a3927
Return Adress: 0x7fa4bb939360
Return: 0x7fa4bb939360
Return Adress: 0x7fa4bb939360
Return: 0x7fa4bb939ae8
Return Adress: 0x7fa4bb939ae8
Return Adress: 0x7fa4bb930f5b
Return: 0x7fa4bb930fb4
Return Adress: 0x7fa4bb930fb4
Return: 0x7fa4bb930f5b
Return: 0x7fa4bb9395ad
Return: 0x7fa4bb93794f
Return Adress: 0x7fa4bb93794f
Return Adress: 0x7fa4bb9395ad
Return: 0x7fa4bb939ae8
Return Adress: 0x7fa4bb939ae8
Return Adress: 0x7fa4bb930f5b
Return: 0x7fa4bb930d34
Return: 0x7fa4bb940580
Return Adress: 0x7fa4bb940580
Return: 0x7fa4bb94058d
Return Adress: 0x7fa4bb94058d
Return Adress: 0x7fa4bb930d34
Return: 0x7fa4bb930da4
Return: 0x7fa4bb9395ad
Return: 0x7fa4bb93794f
Return: 0x7fa4bb93747b
Return: 0x7fa4bb936c44
Return Adress: 0x7fa4bb936c44
Return Adress: 0x7fa4bb93747b
Return Adress: 0x7fa4bb93794f
Return Adress: 0x7fa4bb9395ad
Return: 0x7fa4bb9395ad
Return: 0x7fa4bb93794f
Return: 0x7fa4bb93747b
Return: 0x7fa4bb936b70
Return Adress: 0x7fa4bb936b70
Return: 0x7fa4bb936c44
Return Adress: 0x7fa4bb936c44
Return Adress: 0x7fa4bb93747b
Return Adress: 0x7fa4bb93794f
Return Adress: 0x7fa4bb9395ad
Return: 0x7fa4bb9395ad
Return: 0x7fa4bb93794f
Return: 0x7fa4bb93747b
Return: 0x7fa4bb936b70
Return Adress: 0x7fa4bb936b70
Return: 0x7fa4bb936c44
Return Adress: 0x7fa4bb936c44
Return Adress: 0x7fa4bb93747b
Return Adress: 0x7fa4bb93794f
Return Adress: 0x7fa4bb9395ad
Return: 0x7fa4bb9395ad
Return: 0x7fa4bb93794f
Return: 0x7fa4bb93747b
Return: 0x7fa4bb936b70
Return Adress: 0x7fa4bb936b70
Return: 0x7fa4bb936c44
Return Adress: 0x7fa4bb936c44
Return Adress: 0x7fa4bb93747b
Return Adress: 0x7fa4bb93794f
Return Adress: 0x7fa4bb9395ad
Return: 0x7fa4bb9395ad
Return: 0x7fa4bb93794f
Return: 0x7fa4bb93747b
Return: 0x7fa4bb936b70
Return Adress: 0x7fa4bb936b70
Return: 0x7fa4bb936c44
Return Adress: 0x7fa4bb936c44
Return Adress: 0x7fa4bb93747b
Return Adress: 0x7fa4bb93794f
Return Adress: 0x7fa4bb9395ad
Return: 0x7fa4bb9395ad
Return: 0x7fa4bb93794f
Return: 0x7fa4bb93747b
Return: 0x7fa4bb936b70
Return Adress: 0x7fa4bb936b70
Return: 0x7fa4bb936c44
Return Adress: 0x7fa4bb936c44
Return Adress: 0x7fa4bb93747b
Return Adress: 0x7fa4bb93794f
Return Adress: 0x7fa4bb9395ad
Return: 0x7fa4bb939ae8
Return Adress: 0x7fa4bb939ae8
Return Adress: 0x7fa4bb930da4
Return: 0x7fa4bb930dc5
Return Adress: 0x7fa4bb930dc5
Return: 0x7fa4bb930ddc
Return Adress: 0x7fa4bb930ddc
Return: 0x7fa4bb930deb
Return Adress: 0x7fa4bb930deb
Return: 0x7fa4bb930df1
Return: 0x7fa4bb945918
Return Adress: 0x7fa4bb945918
Return Adress: 0x7fa4bb930df1
Return Adress: 0x7fa4bb946462
Return Adress: 0x7fa4bb931e7a
Return Adress: 0x7fa4bb92dcc8
Return: 0x7fa4bb92dcfa
Return: 0x7fa4bb93d5fb
Return Adress: 0x7fa4bb93d5fb
Return: 0x7fa4bb93d5fb
Return: 0x7fa4bb93d4aa
Return: 0x7fa4a8108669
Return: 0x7fa4a822b1f5
Return: 0x7fa4bb93794f
Return: 0x7fa4bb93747b
Return: 0x7fa4bb936b70
Return Adress: 0x7fa4bb936b70
Return: 0x7fa4bb936c44
Return Adress: 0x7fa4bb936c44
Return Adress: 0x7fa4bb93747b
Return Adress: 0x7fa4bb93794f
Return Adress: 0x7fa4a822b1f5
Return Adress: 0x7fa4a8108669
Return: 0x7fa4a8108695
Return: 0x7fa4a822b1f5
Return: 0x7fa4bb93794f
Return: 0x7fa4bb93747b
Return: 0x7fa4bb936b70
Return Adress: 0x7fa4bb936b70
Return: 0x7fa4bb936c44
Return Adress: 0x7fa4bb936c44
Return Adress: 0x7fa4bb93747b
Return Adress: 0x7fa4bb93794f
Return Adress: 0x7fa4a822b1f5
Return Adress: 0x7fa4a8108695
Return: 0x7fa4a81086b7
Return: 0x7fa4a81ee6c3
Return Adress: 0x7fa4a81ee6c3
Return Adress: 0x7fa4a81086b7
Return: 0x7fa4a81086bc
Return Adress: 0x7fa4a81086bc
Return Adress: 0x7fa4bb93d4aa
Return: 0x7fa4bb93d4ea
Return: 0x7fa4a81082fb
Return: 0x7fa4a8191efd
Return Adress: 0x7fa4a8191efd
Return: 0x7fa4a8191f15
Return Adress: 0x7fa4a8191f15
Return Adress: 0x7fa4a81082fb
Return: 0x7fa4a810830b
Return: 0x7fa4a8191efd
Return Adress: 0x7fa4a8191efd
Return: 0x7fa4a8191f15
Return Adress: 0x7fa4a8191f15
Return Adress: 0x7fa4a810830b
Return Adress: 0x7fa4bb93d4ea
Return: 0x7fa4bb93d4ea
Return Adress: 0x7fa4bb93d4ea
Return Adress: 0x7fa4bb93d5fb
Return: 0x7fa4bb93d5fb
Return Adress: 0x7fa4bb93d5fb
Return Adress: 0x7fa4bb92dcfa
Return: 0x4004e9
Return: 0x7fa4bb944753
Return: 0x7fa4bb93c8f6
Return: 0x7fa4bb93794f
Return: 0x7fa4bb936e11
Return: 0x7fa4bb93e7c5
Return Adress: 0x7fa4bb93e7c5
Return: 0x7fa4bb93e7f4
Return Adress: 0x7fa4bb93e7f4
Return Adress: 0x7fa4bb936e11
Return: 0x7fa4bb93747b
Return: 0x7fa4bb936b70
Return Adress: 0x7fa4bb936b70
Return: 0x7fa4bb936c44
Return Adress: 0x7fa4bb936c44
Return Adress: 0x7fa4bb93747b
Return Adress: 0x7fa4bb93794f
Return Adress: 0x7fa4bb93c8f6
Return Adress: 0x7fa4bb944753
Return: 0x7fa4a8108793
Return: 0x7fa4a8122299
Return Adress: 0x7fa4a8122299
Return Adress: 0x7fa4a8108793
Return: 0x7fa4a81087bf
Return: 0x400671
Return Adress: 0x400671
Return: 0x40068d
Return Adress: 0x40068d
Return Adress: 0x7fa4a81087bf
Return: 0x7fa4a81087e8
Return Adress: 0x7fa4a81087e8
Return: 0x7fa4a8108830
Return: 0x400604
Return: 0x7fa4bb944753
Return: 0x7fa4bb93c8f6
Return: 0x7fa4bb93794f
Return: 0x7fa4bb936e11
Return: 0x7fa4bb93e7c5
Return Adress: 0x7fa4bb93e7c5
Return: 0x7fa4bb93e7f4
Return Adress: 0x7fa4bb93e7f4
Return Adress: 0x7fa4bb936e11
Return: 0x7fa4bb93747b
Return: 0x7fa4bb936b70
Return Adress: 0x7fa4bb936b70
Return: 0x7fa4bb936c44
Return Adress: 0x7fa4bb936c44
Return Adress: 0x7fa4bb93747b
Return Adress: 0x7fa4bb93794f
Return Adress: 0x7fa4bb93c8f6
Return Adress: 0x7fa4bb944753
Return: 0x7fa4a815769c
Return Adress: 0x7fa4a815769c
Return: 0x7fa4a8157738
Return: 0x7fa4a816128d
Return: 0x7fa4a81628f8
Return: 0x7fa4a8163594
Return: 0x7fa4a81551a5
Return Adress: 0x7fa4a81551a5
Return: 0x7fa4a81551d5
Return: 0x7fa4a816cdfd
Return: 0x7fa4a816ca16
Return: 0x7fa4a822a613
Return Adress: 0x7fa4a822a613
Return: 0x7fa4a822a61b
Return: 0x7fa4bb944753
Return: 0x7fa4bb93c8f6
Return: 0x7fa4bb93794f
Return: 0x7fa4bb936e11
Return: 0x7fa4bb93e7c5
Return Adress: 0x7fa4bb93e7c5
Return: 0x7fa4bb93e7f4
Return Adress: 0x7fa4bb93e7f4
Return Adress: 0x7fa4bb936e11
Return: 0x7fa4bb936e11
Return: 0x7fa4bb93e7c5
Return Adress: 0x7fa4bb93e7c5
Return: 0x7fa4bb93e7f4
Return Adress: 0x7fa4bb93e7f4
Return Adress: 0x7fa4bb936e11
Return: 0x7fa4bb93747b
Return: 0x7fa4bb936b70
Return Adress: 0x7fa4bb936b70
Return: 0x7fa4bb936c44
Return Adress: 0x7fa4bb936c44
Return Adress: 0x7fa4bb93747b
Return Adress: 0x7fa4bb93794f
Return Adress: 0x7fa4bb93c8f6
Return Adress: 0x7fa4bb944753
Return Adress: 0x7fa4a822a61b
Return: 0x7fa4a822a79b
Return Adress: 0x7fa4a822a79b
Return Adress: 0x7fa4a816ca16
Return Adress: 0x7fa4a816cdfd
Return: 0x7fa4a816cce8
Return: 0x7fa4a81693be
Return Adress: 0x7fa4a81693be
Return: 0x7fa4a8169e4b
Return: 0x7fa4a8168d15
Return: 0x7fa4a816ed19
Return: 0x7fa4a81e42ef
Return Adress: 0x7fa4a81e42ef
Return: 0x7fa4a81e4309
Return Adress: 0x7fa4a81e4309
Return Adress: 0x7fa4a816ed19
Return Adress: 0x7fa4a8168d15
Return: 0x7fa4a8168f4b
Return: 0x7fa4a816ed19
Return Adress: 0x7fa4a816ed19
Return Adress: 0x7fa4a8168f4b
Return Adress: 0x7fa4a8169e4b
Return Adress: 0x7fa4a816cce8
Return Adress: 0x7fa4a81551d5
Return: 0x7fa4a81551f3
Return Adress: 0x7fa4a81551f3
Return Adress: 0x7fa4a8163594
Return Adress: 0x7fa4a81628f8
Return Adress: 0x7fa4a816128d
Return: 0x7fa4a81612c7
Return: 0x7fa4a81636b0
Return Adress: 0x7fa4a81636b0
Return: 0x7fa4a81636b0
Return Adress: 0x7fa4a81636b0
Return: 0x7fa4a81636b0
Return Adress: 0x7fa4a81636b0
Return: 0x7fa4a81636b0
Return Adress: 0x7fa4a81636b0
Return: 0x7fa4a81636b0
Return Adress: 0x7fa4a81636b0
Return: 0x7fa4a81636b0
Return Adress: 0x7fa4a81636b0
Return: 0x7fa4a81636b0
Return Adress: 0x7fa4a81636b0
Return: 0x7fa4a81636b0
Return Adress: 0x7fa4a81636b0
Return: 0x7fa4a81636b0
Return Adress: 0x7fa4a81636b0
Return: 0x7fa4a81636b0
Return Adress: 0x7fa4a81636b0
Return: 0x7fa4a81636b0
Return Adress: 0x7fa4a81636b0
Return: 0x7fa4a81636b0
Return Adress: 0x7fa4a81636b0
Return: 0x7fa4a81636b0
Return Adress: 0x7fa4a81636b0
Return: 0x7fa4a81636b0
Return Adress: 0x7fa4a81636b0
Return: 0x7fa4a81636b0
Return Adress: 0x7fa4a81636b0
Return Adress: 0x7fa4a81612c7
Return Adress: 0x7fa4a8157738
Return: 0x7fa4a81577fa
Return: 0x7fa4a816281b
Return: 0x7fa4a8162409
Return: 0x7fa4a8160bff
Return Adress: 0x7fa4a8160bff
Return Adress: 0x7fa4a8162409
Return Adress: 0x7fa4a816281b
Return Adress: 0x7fa4a81577fa
Return Adress: 0x400604
Return: 0x400609
Return: 0x4005cf
Return: 0x7fa4bb944753
Return: 0x7fa4bb93c8f6
Return: 0x7fa4bb93794f
Return: 0x7fa4bb936e11
Return: 0x7fa4bb93e7c5
Return Adress: 0x7fa4bb93e7c5
Return: 0x7fa4bb93e7f4
Return Adress: 0x7fa4bb93e7f4
Return Adress: 0x7fa4bb936e11
Return: 0x7fa4bb93747b
Return: 0x7fa4bb936b70
Return Adress: 0x7fa4bb936b70
Return: 0x7fa4bb936c44
Return Adress: 0x7fa4bb936c44
Return Adress: 0x7fa4bb93747b
Return Adress: 0x7fa4bb93794f
Return Adress: 0x7fa4bb93c8f6
Return Adress: 0x7fa4bb944753
Return: 0x7fa4a8156ee5
Return: 0x7fa4a816360e
Return: 0x7fa4a816269c
Return: 0x7fa4a8163594
Return: 0x7fa4a81551a5
Return Adress: 0x7fa4a81551a5
Return: 0x7fa4a81551d5
Return: 0x7fa4a816b5d4
Return Adress: 0x7fa4a816b5d4
Return Adress: 0x7fa4a81551d5
Return: 0x7fa4a81551f3
Return Adress: 0x7fa4a81551f3
Return Adress: 0x7fa4a8163594
Return Adress: 0x7fa4a816269c
Return: 0x7fa4a816264c
Return Adress: 0x7fa4a816264c
Return: 0x7fa4a81625b8
Return Adress: 0x7fa4a81625b8
Return: 0x7fa4a81625e8
Return Adress: 0x7fa4a81625e8
Return Adress: 0x7fa4a816360e
Return Adress: 0x7fa4a8156ee5
Return: 0x7fa4a8156e4e
Return: 0x7fa4a8156c2d
Return Adress: 0x7fa4a8156c2d
Return: 0x7fa4a8156ce4
Return Adress: 0x7fa4a8156ce4
Return Adress: 0x7fa4a8156e4e
Return Adress: 0x4005cf
Return: 0x4005e0
Return: 0x7fa4bb944753
Return: 0x7fa4bb93c8f6
Return: 0x7fa4bb93794f
Return: 0x7fa4bb936e11
Return: 0x7fa4bb93e7c5
Return Adress: 0x7fa4bb93e7c5
Return: 0x7fa4bb93e7f4
Return Adress: 0x7fa4bb93e7f4
Return Adress: 0x7fa4bb936e11
Return: 0x7fa4bb93747b
Return: 0x7fa4bb936b70
Return Adress: 0x7fa4bb936b70
Return: 0x7fa4bb936c44
Return Adress: 0x7fa4bb936c44
Return Adress: 0x7fa4bb93747b
Return Adress: 0x7fa4bb93794f
Return Adress: 0x7fa4bb93c8f6
Return: 0x7fa4bb93c9c2
Return Adress: 0x7fa4bb93c9c2
Return Adress: 0x7fa4bb944753
Return Adress: 0x4005e0
Return Adress: 0x7361646773616467
Error!! Stack Values Does not match!!
# eof
